# JRE version: OpenJDK Runtime Environment Temurin-17.0.13+11 (17.0.13+11) (build 17.0.13+11)
# Java VM: OpenJDK 64-Bit Server VM Temurin-17.0.13+11 (17.0.13+11, mixed mode, tiered, compressed oops, compressed class ptrs, parallel gc, windows-amd64)
GC Precious Log:
 CPUs: 8 total, 8 available
 Memory: 7900M
 Large Page Support: Disabled
 NUMA Support: Disabled
 Compressed Oops: Enabled (32-bit)
 Alignments: Space 512K, Generation 512K, Heap 2M
 Heap Min Capacity: 100M
 Heap Initial Capacity: 100M
 Heap Max Capacity: 1G
 Pre-touch: Disabled
 Parallel Workers: 8
Heap:
 PSYoungGen      total 26112K, used 8631K [0x00000000eab00000, 0x00000000ec900000, 0x0000000100000000)
  eden space 21504K, 20% used [0x00000000eab00000,0x00000000eaf37d08,0x00000000ec000000)
  from space 4608K, 93% used [0x00000000ec000000,0x00000000ec436018,0x00000000ec480000)
  to   space 4608K, 0% used [0x00000000ec480000,0x00000000ec480000,0x00000000ec900000)
 ParOldGen       total 221184K, used 176845K [0x00000000c0000000, 0x00000000cd800000, 0x00000000eab00000)
  object space 221184K, 79% used [0x00000000c0000000,0x00000000cacb3520,0x00000000cd800000)
 Metaspace       used 55962K, committed 57024K, reserved 1114112K
  class space    used 5977K, committed 6464K, reserved 1048576K
GC Heap History (20 events):
Event: 16.609 GC heap before
{Heap before GC invocations=149 (full 10):
 PSYoungGen      total 26624K, used 26610K [0x00000000eab00000, 0x00000000ed180000, 0x0000000100000000)
  eden space 24064K, 100% used [0x00000000eab00000,0x00000000ec280000,0x00000000ec280000)
  from space 2560K, 99% used [0x00000000eca00000,0x00000000ecc7c8e0,0x00000000ecc80000)
  to   space 7680K, 0% used [0x00000000ec280000,0x00000000ec280000,0x00000000eca00000)
 ParOldGen       total 221184K, used 170437K [0x00000000c0000000, 0x00000000cd800000, 0x00000000eab00000)
  object space 221184K, 77% used [0x00000000c0000000,0x00000000ca671520,0x00000000cd800000)
 Metaspace       used 55937K, committed 57024K, reserved 1114112K
  class space    used 5974K, committed 6464K, reserved 1048576K
}
Event: 16.612 GC heap after
{Heap after GC invocations=149 (full 10):
 PSYoungGen      total 26112K, used 1728K [0x00000000eab00000, 0x00000000eca80000, 0x0000000100000000)
  eden space 24064K, 0% used [0x00000000eab00000,0x00000000eab00000,0x00000000ec280000)
  from space 2048K, 84% used [0x00000000ec280000,0x00000000ec430000,0x00000000ec480000)
  to   space 4096K, 0% used [0x00000000ec680000,0x00000000ec680000,0x00000000eca80000)
 ParOldGen       total 221184K, used 170853K [0x00000000c0000000, 0x00000000cd800000, 0x00000000eab00000)
  object space 221184K, 77% used [0x00000000c0000000,0x00000000ca6d9520,0x00000000cd800000)
 Metaspace       used 55937K, committed 57024K, reserved 1114112K
  class space    used 5974K, committed 6464K, reserved 1048576K
}
Event: 16.893 GC heap before
{Heap before GC invocations=150 (full 10):
 PSYoungGen      total 26112K, used 25792K [0x00000000eab00000, 0x00000000eca80000, 0x0000000100000000)
  eden space 24064K, 100% used [0x00000000eab00000,0x00000000ec280000,0x00000000ec280000)
  from space 2048K, 84% used [0x00000000ec280000,0x00000000ec430000,0x00000000ec480000)
  to   space 4096K, 0% used [0x00000000ec680000,0x00000000ec680000,0x00000000eca80000)
 ParOldGen       total 221184K, used 170853K [0x00000000c0000000, 0x00000000cd800000, 0x00000000eab00000)
  object space 221184K, 77% used [0x00000000c0000000,0x00000000ca6d9520,0x00000000cd800000)
 Metaspace       used 55939K, committed 57024K, reserved 1114112K
  class space    used 5974K, committed 6464K, reserved 1048576K
}
Event: 16.896 GC heap after
{Heap after GC invocations=150 (full 10):
 PSYoungGen      total 26112K, used 1696K [0x00000000eab00000, 0x00000000ec880000, 0x0000000100000000)
  eden space 24064K, 0% used [0x00000000eab00000,0x00000000eab00000,0x00000000ec280000)
  from space 2048K, 82% used [0x00000000ec680000,0x00000000ec828000,0x00000000ec880000)
  to   space 2048K, 0% used [0x00000000ec280000,0x00000000ec280000,0x00000000ec480000)
 ParOldGen       total 221184K, used 170853K [0x00000000c0000000, 0x00000000cd800000, 0x00000000eab00000)
  object space 221184K, 77% used [0x00000000c0000000,0x00000000ca6d9520,0x00000000cd800000)
 Metaspace       used 55939K, committed 57024K, reserved 1114112K
  class space    used 5974K, committed 6464K, reserved 1048576K
}
Event: 17.143 GC heap before
{Heap before GC invocations=151 (full 10):
 PSYoungGen      total 26112K, used 25760K [0x00000000eab00000, 0x00000000ec880000, 0x0000000100000000)
  eden space 24064K, 100% used [0x00000000eab00000,0x00000000ec280000,0x00000000ec280000)
  from space 2048K, 82% used [0x00000000ec680000,0x00000000ec828000,0x00000000ec880000)
  to   space 2048K, 0% used [0x00000000ec280000,0x00000000ec280000,0x00000000ec480000)
 ParOldGen       total 221184K, used 170853K [0x00000000c0000000, 0x00000000cd800000, 0x00000000eab00000)
  object space 221184K, 77% used [0x00000000c0000000,0x00000000ca6d9520,0x00000000cd800000)
 Metaspace       used 55941K, committed 57024K, reserved 1114112K
  class space    used 5974K, committed 6464K, reserved 1048576K
}
Event: 17.145 GC heap after
{Heap after GC invocations=151 (full 10):
 PSYoungGen      total 26112K, used 2041K [0x00000000eab00000, 0x00000000ecb80000, 0x0000000100000000)
  eden space 24064K, 0% used [0x00000000eab00000,0x00000000eab00000,0x00000000ec280000)
  from space 2048K, 99% used [0x00000000ec280000,0x00000000ec47e408,0x00000000ec480000)
  to   space 4608K, 0% used [0x00000000ec700000,0x00000000ec700000,0x00000000ecb80000)
 ParOldGen       total 221184K, used 172581K [0x00000000c0000000, 0x00000000cd800000, 0x00000000eab00000)
  object space 221184K, 78% used [0x00000000c0000000,0x00000000ca889520,0x00000000cd800000)
 Metaspace       used 55941K, committed 57024K, reserved 1114112K
  class space    used 5974K, committed 6464K, reserved 1048576K
}
Event: 17.255 GC heap before
{Heap before GC invocations=152 (full 10):
 PSYoungGen      total 26112K, used 26105K [0x00000000eab00000, 0x00000000ecb80000, 0x0000000100000000)
  eden space 24064K, 100% used [0x00000000eab00000,0x00000000ec280000,0x00000000ec280000)
  from space 2048K, 99% used [0x00000000ec280000,0x00000000ec47e408,0x00000000ec480000)
  to   space 4608K, 0% used [0x00000000ec700000,0x00000000ec700000,0x00000000ecb80000)
 ParOldGen       total 221184K, used 172581K [0x00000000c0000000, 0x00000000cd800000, 0x00000000eab00000)
  object space 221184K, 78% used [0x00000000c0000000,0x00000000ca889520,0x00000000cd800000)
 Metaspace       used 55950K, committed 57024K, reserved 1114112K
  class space    used 5976K, committed 6464K, reserved 1048576K
}
Event: 17.258 GC heap after
{Heap after GC invocations=152 (full 10):
 PSYoungGen      total 26624K, used 2353K [0x00000000eab00000, 0x00000000ec980000, 0x0000000100000000)
  eden space 24064K, 0% used [0x00000000eab00000,0x00000000eab00000,0x00000000ec280000)
  from space 2560K, 91% used [0x00000000ec700000,0x00000000ec94c690,0x00000000ec980000)
  to   space 3072K, 0% used [0x00000000ec380000,0x00000000ec380000,0x00000000ec680000)
 ParOldGen       total 221184K, used 173205K [0x00000000c0000000, 0x00000000cd800000, 0x00000000eab00000)
  object space 221184K, 78% used [0x00000000c0000000,0x00000000ca925520,0x00000000cd800000)
 Metaspace       used 55950K, committed 57024K, reserved 1114112K
  class space    used 5976K, committed 6464K, reserved 1048576K
}
Event: 17.399 GC heap before
{Heap before GC invocations=153 (full 10):
 PSYoungGen      total 26624K, used 26417K [0x00000000eab00000, 0x00000000ec980000, 0x0000000100000000)
  eden space 24064K, 100% used [0x00000000eab00000,0x00000000ec280000,0x00000000ec280000)
  from space 2560K, 91% used [0x00000000ec700000,0x00000000ec94c690,0x00000000ec980000)
  to   space 3072K, 0% used [0x00000000ec380000,0x00000000ec380000,0x00000000ec680000)
 ParOldGen       total 221184K, used 173205K [0x00000000c0000000, 0x00000000cd800000, 0x00000000eab00000)
  object space 221184K, 78% used [0x00000000c0000000,0x00000000ca925520,0x00000000cd800000)
 Metaspace       used 55950K, committed 57024K, reserved 1114112K
  class space    used 5976K, committed 6464K, reserved 1048576K
}
Event: 17.401 GC heap after
{Heap after GC invocations=153 (full 10):
 PSYoungGen      total 27136K, used 2848K [0x00000000eab00000, 0x00000000ec880000, 0x0000000100000000)
  eden space 24064K, 0% used [0x00000000eab00000,0x00000000eab00000,0x00000000ec280000)
  from space 3072K, 92% used [0x00000000ec380000,0x00000000ec648100,0x00000000ec680000)
  to   space 2048K, 0% used [0x00000000ec680000,0x00000000ec680000,0x00000000ec880000)
 ParOldGen       total 221184K, used 173205K [0x00000000c0000000, 0x00000000cd800000, 0x00000000eab00000)
  object space 221184K, 78% used [0x00000000c0000000,0x00000000ca925520,0x00000000cd800000)
 Metaspace       used 55950K, committed 57024K, reserved 1114112K
  class space    used 5976K, committed 6464K, reserved 1048576K
}
Event: 17.504 GC heap before
{Heap before GC invocations=154 (full 10):
 PSYoungGen      total 27136K, used 26912K [0x00000000eab00000, 0x00000000ec880000, 0x0000000100000000)
  eden space 24064K, 100% used [0x00000000eab00000,0x00000000ec280000,0x00000000ec280000)
  from space 3072K, 92% used [0x00000000ec380000,0x00000000ec648100,0x00000000ec680000)
  to   space 2048K, 0% used [0x00000000ec680000,0x00000000ec680000,0x00000000ec880000)
 ParOldGen       total 221184K, used 173205K [0x00000000c0000000, 0x00000000cd800000, 0x00000000eab00000)
  object space 221184K, 78% used [0x00000000c0000000,0x00000000ca925520,0x00000000cd800000)
 Metaspace       used 55950K, committed 57024K, reserved 1114112K
  class space    used 5976K, committed 6464K, reserved 1048576K
}
Event: 17.505 GC heap after
{Heap after GC invocations=154 (full 10):
 PSYoungGen      total 26112K, used 2029K [0x00000000eab00000, 0x00000000ec880000, 0x0000000100000000)
  eden space 24064K, 0% used [0x00000000eab00000,0x00000000eab00000,0x00000000ec280000)
  from space 2048K, 99% used [0x00000000ec680000,0x00000000ec87b6e0,0x00000000ec880000)
  to   space 2560K, 0% used [0x00000000ec380000,0x00000000ec380000,0x00000000ec600000)
 ParOldGen       total 221184K, used 173397K [0x00000000c0000000, 0x00000000cd800000, 0x00000000eab00000)
  object space 221184K, 78% used [0x00000000c0000000,0x00000000ca955520,0x00000000cd800000)
 Metaspace       used 55950K, committed 57024K, reserved 1114112K
  class space    used 5976K, committed 6464K, reserved 1048576K
}
Event: 17.665 GC heap before
{Heap before GC invocations=155 (full 10):
 PSYoungGen      total 26112K, used 26093K [0x00000000eab00000, 0x00000000ec880000, 0x0000000100000000)
  eden space 24064K, 100% used [0x00000000eab00000,0x00000000ec280000,0x00000000ec280000)
  from space 2048K, 99% used [0x00000000ec680000,0x00000000ec87b6e0,0x00000000ec880000)
  to   space 2560K, 0% used [0x00000000ec380000,0x00000000ec380000,0x00000000ec600000)
 ParOldGen       total 221184K, used 173397K [0x00000000c0000000, 0x00000000cd800000, 0x00000000eab00000)
  object space 221184K, 78% used [0x00000000c0000000,0x00000000ca955520,0x00000000cd800000)
 Metaspace       used 55951K, committed 57024K, reserved 1114112K
  class space    used 5976K, committed 6464K, reserved 1048576K
}
Event: 17.666 GC heap after
{Heap after GC invocations=155 (full 10):
 PSYoungGen      total 26624K, used 2320K [0x00000000eab00000, 0x00000000ec780000, 0x0000000100000000)
  eden space 24064K, 0% used [0x00000000eab00000,0x00000000eab00000,0x00000000ec280000)
  from space 2560K, 90% used [0x00000000ec380000,0x00000000ec5c4288,0x00000000ec600000)
  to   space 1536K, 0% used [0x00000000ec600000,0x00000000ec600000,0x00000000ec780000)
 ParOldGen       total 221184K, used 173573K [0x00000000c0000000, 0x00000000cd800000, 0x00000000eab00000)
  object space 221184K, 78% used [0x00000000c0000000,0x00000000ca981520,0x00000000cd800000)
 Metaspace       used 55951K, committed 57024K, reserved 1114112K
  class space    used 5976K, committed 6464K, reserved 1048576K
}
Event: 17.857 GC heap before
{Heap before GC invocations=156 (full 10):
 PSYoungGen      total 26624K, used 26384K [0x00000000eab00000, 0x00000000ec780000, 0x0000000100000000)
  eden space 24064K, 100% used [0x00000000eab00000,0x00000000ec280000,0x00000000ec280000)
  from space 2560K, 90% used [0x00000000ec380000,0x00000000ec5c4288,0x00000000ec600000)
  to   space 1536K, 0% used [0x00000000ec600000,0x00000000ec600000,0x00000000ec780000)
 ParOldGen       total 221184K, used 173573K [0x00000000c0000000, 0x00000000cd800000, 0x00000000eab00000)
  object space 221184K, 78% used [0x00000000c0000000,0x00000000ca981520,0x00000000cd800000)
 Metaspace       used 55951K, committed 57024K, reserved 1114112K
  class space    used 5976K, committed 6464K, reserved 1048576K
}
Event: 17.858 GC heap after
{Heap after GC invocations=156 (full 10):
 PSYoungGen      total 25600K, used 1521K [0x00000000eab00000, 0x00000000ec780000, 0x0000000100000000)
  eden space 24064K, 0% used [0x00000000eab00000,0x00000000eab00000,0x00000000ec280000)
  from space 1536K, 99% used [0x00000000ec600000,0x00000000ec77c7b8,0x00000000ec780000)
  to   space 2048K, 0% used [0x00000000ec380000,0x00000000ec380000,0x00000000ec580000)
 ParOldGen       total 221184K, used 173669K [0x00000000c0000000, 0x00000000cd800000, 0x00000000eab00000)
  object space 221184K, 78% used [0x00000000c0000000,0x00000000ca999520,0x00000000cd800000)
 Metaspace       used 55951K, committed 57024K, reserved 1114112K
  class space    used 5976K, committed 6464K, reserved 1048576K
}
Event: 18.261 GC heap before
{Heap before GC invocations=157 (full 10):
 PSYoungGen      total 25600K, used 25585K [0x00000000eab00000, 0x00000000ec780000, 0x0000000100000000)
  eden space 24064K, 100% used [0x00000000eab00000,0x00000000ec280000,0x00000000ec280000)
  from space 1536K, 99% used [0x00000000ec600000,0x00000000ec77c7b8,0x00000000ec780000)
  to   space 2048K, 0% used [0x00000000ec380000,0x00000000ec380000,0x00000000ec580000)
 ParOldGen       total 221184K, used 173669K [0x00000000c0000000, 0x00000000cd800000, 0x00000000eab00000)
  object space 221184K, 78% used [0x00000000c0000000,0x00000000ca999520,0x00000000cd800000)
 Metaspace       used 55961K, committed 57024K, reserved 1114112K
  class space    used 5977K, committed 6464K, reserved 1048576K
}
Event: 18.263 GC heap after
{Heap after GC invocations=157 (full 10):
 PSYoungGen      total 26112K, used 2025K [0x00000000eab00000, 0x00000000ec780000, 0x0000000100000000)
  eden space 24064K, 0% used [0x00000000eab00000,0x00000000eab00000,0x00000000ec280000)
  from space 2048K, 98% used [0x00000000ec380000,0x00000000ec57a440,0x00000000ec580000)
  to   space 2048K, 0% used [0x00000000ec580000,0x00000000ec580000,0x00000000ec780000)
 ParOldGen       total 221184K, used 173981K [0x00000000c0000000, 0x00000000cd800000, 0x00000000eab00000)
  object space 221184K, 78% used [0x00000000c0000000,0x00000000ca9e7520,0x00000000cd800000)
 Metaspace       used 55961K, committed 57024K, reserved 1114112K
  class space    used 5977K, committed 6464K, reserved 1048576K
}
Event: 18.647 GC heap before
{Heap before GC invocations=158 (full 10):
 PSYoungGen      total 26112K, used 26089K [0x00000000eab00000, 0x00000000ec780000, 0x0000000100000000)
  eden space 24064K, 100% used [0x00000000eab00000,0x00000000ec280000,0x00000000ec280000)
  from space 2048K, 98% used [0x00000000ec380000,0x00000000ec57a440,0x00000000ec580000)
  to   space 2048K, 0% used [0x00000000ec580000,0x00000000ec580000,0x00000000ec780000)
 ParOldGen       total 221184K, used 173981K [0x00000000c0000000, 0x00000000cd800000, 0x00000000eab00000)
  object space 221184K, 78% used [0x00000000c0000000,0x00000000ca9e7520,0x00000000cd800000)
 Metaspace       used 55961K, committed 57024K, reserved 1114112K
  class space    used 5977K, committed 6464K, reserved 1048576K
}
Event: 18.650 GC heap after
{Heap after GC invocations=158 (full 10):
 PSYoungGen      total 23552K, used 2028K [0x00000000eab00000, 0x00000000ecd80000, 0x0000000100000000)
  eden space 21504K, 0% used [0x00000000eab00000,0x00000000eab00000,0x00000000ec000000)
  from space 2048K, 99% used [0x00000000ec580000,0x00000000ec77b018,0x00000000ec780000)
  to   space 5632K, 0% used [0x00000000ec000000,0x00000000ec000000,0x00000000ec580000)
 ParOldGen       total 221184K, used 176701K [0x00000000c0000000, 0x00000000cd800000, 0x00000000eab00000)
  object space 221184K, 79% used [0x00000000c0000000,0x00000000cac8f520,0x00000000cd800000)
 Metaspace       used 55961K, committed 57024K, reserved 1114112K
  class space    used 5977K, committed 6464K, reserved 1048576K
}

